# JRE version: OpenJDK Runtime Environment Corretto-20.0.2.10.1 (20.0.2.1+10) (build 20.0.2.1+10-FR)
# Java VM: OpenJDK 64-Bit Server VM Corretto-20.0.2.10.1 (20.0.2.1+10-FR, mixed mode, emulated-client, sharing, tiered, compressed oops, compressed class ptrs, g1 gc, windows-amd64)
GC Precious Log:
 CardTable entry size: 512
 Card Set container configuration: InlinePtr #cards 5 size 8 Array Of Cards #cards 12 size 40 Howl #buckets 4 coarsen threshold 1843 Howl Bitmap #cards 512 size 80 coarsen threshold 460 Card regions per heap region 1 cards per card region 2048
 CPUs: 4 total, 4 available
 Memory: 8097M
 Large Page Support: Disabled
 NUMA Support: Disabled
 Compressed Oops: Enabled (32-bit)
 Heap Region Size: 1M
 Heap Min Capacity: 8M
 Heap Initial Capacity: 128M
 Heap Max Capacity: 2026M
 Pre-touch: Disabled
 Parallel Workers: 4
 Concurrent Workers: 1
 Concurrent Refinement Workers: 4
 Periodic GC: Disabled
Heap:
 garbage-first heap   total 104448K, used 87256K [0x0000000081600000, 0x0000000100000000)
  region size 1024K, 42 young (43008K), 3 survivors (3072K)
 Metaspace       used 86492K, committed 87936K, reserved 1179648K
  class space    used 11960K, committed 12544K, reserved 1048576K
GC Heap History (20 events):
Event: 8.495 GC heap before
{Heap before GC invocations=15 (full 0):
 garbage-first heap   total 70656K, used 63363K [0x0000000081600000, 0x0000000100000000)
  region size 1024K, 35 young (35840K), 3 survivors (3072K)
 Metaspace       used 63389K, committed 64192K, reserved 1114112K
  class space    used 8824K, committed 9152K, reserved 1048576K
}
Event: 8.505 GC heap after
{Heap after GC invocations=16 (full 0):
 garbage-first heap   total 70656K, used 33612K [0x0000000081600000, 0x0000000100000000)
  region size 1024K, 4 young (4096K), 4 survivors (4096K)
 Metaspace       used 63389K, committed 64192K, reserved 1114112K
  class space    used 8824K, committed 9152K, reserved 1048576K
}
Event: 8.809 GC heap before
{Heap before GC invocations=16 (full 0):
 garbage-first heap   total 70656K, used 61260K [0x0000000081600000, 0x0000000100000000)
  region size 1024K, 31 young (31744K), 4 survivors (4096K)
 Metaspace       used 65583K, committed 66432K, reserved 1114112K
  class space    used 9141K, committed 9536K, reserved 1048576K
}
Event: 8.819 GC heap after
{Heap after GC invocations=17 (full 0):
 garbage-first heap   total 84992K, used 35478K [0x0000000081600000, 0x0000000100000000)
  region size 1024K, 2 young (2048K), 2 survivors (2048K)
 Metaspace       used 65583K, committed 66432K, reserved 1114112K
  class space    used 9141K, committed 9536K, reserved 1048576K
}
Event: 9.233 GC heap before
{Heap before GC invocations=17 (full 0):
 garbage-first heap   total 84992K, used 74390K [0x0000000081600000, 0x0000000100000000)
  region size 1024K, 41 young (41984K), 2 survivors (2048K)
 Metaspace       used 69632K, committed 70464K, reserved 1114112K
  class space    used 9931K, committed 10304K, reserved 1048576K
}
Event: 9.239 GC heap after
{Heap after GC invocations=18 (full 0):
 garbage-first heap   total 84992K, used 37668K [0x0000000081600000, 0x0000000100000000)
  region size 1024K, 4 young (4096K), 4 survivors (4096K)
 Metaspace       used 69632K, committed 70464K, reserved 1114112K
  class space    used 9931K, committed 10304K, reserved 1048576K
}
Event: 9.434 GC heap before
{Heap before GC invocations=18 (full 0):
 garbage-first heap   total 84992K, used 75556K [0x0000000081600000, 0x0000000100000000)
  region size 1024K, 41 young (41984K), 4 survivors (4096K)
 Metaspace       used 69823K, committed 70656K, reserved 1114112K
  class space    used 9944K, committed 10304K, reserved 1048576K
}
Event: 9.442 GC heap after
{Heap after GC invocations=19 (full 0):
 garbage-first heap   total 84992K, used 38708K [0x0000000081600000, 0x0000000100000000)
  region size 1024K, 4 young (4096K), 4 survivors (4096K)
 Metaspace       used 69823K, committed 70656K, reserved 1114112K
  class space    used 9944K, committed 10304K, reserved 1048576K
}
Event: 9.890 GC heap before
{Heap before GC invocations=19 (full 0):
 garbage-first heap   total 84992K, used 74548K [0x0000000081600000, 0x0000000100000000)
  region size 1024K, 39 young (39936K), 4 survivors (4096K)
 Metaspace       used 70974K, committed 71808K, reserved 1114112K
  class space    used 10114K, committed 10496K, reserved 1048576K
}
Event: 9.899 GC heap after
{Heap after GC invocations=20 (full 0):
 garbage-first heap   total 84992K, used 41356K [0x0000000081600000, 0x0000000100000000)
  region size 1024K, 4 young (4096K), 4 survivors (4096K)
 Metaspace       used 70974K, committed 71808K, reserved 1114112K
  class space    used 10114K, committed 10496K, reserved 1048576K
}
Event: 10.393 GC heap before
{Heap before GC invocations=21 (full 0):
 garbage-first heap   total 84992K, used 75148K [0x0000000081600000, 0x0000000100000000)
  region size 1024K, 37 young (37888K), 4 survivors (4096K)
 Metaspace       used 72492K, committed 73280K, reserved 1114112K
  class space    used 10375K, committed 10752K, reserved 1048576K
}
Event: 10.403 GC heap after
{Heap after GC invocations=22 (full 0):
 garbage-first heap   total 84992K, used 43538K [0x0000000081600000, 0x0000000100000000)
  region size 1024K, 5 young (5120K), 5 survivors (5120K)
 Metaspace       used 72492K, committed 73280K, reserved 1114112K
  class space    used 10375K, committed 10752K, reserved 1048576K
}
Event: 10.816 GC heap before
{Heap before GC invocations=22 (full 0):
 garbage-first heap   total 84992K, used 74258K [0x0000000081600000, 0x0000000100000000)
  region size 1024K, 35 young (35840K), 5 survivors (5120K)
 Metaspace       used 73990K, committed 74880K, reserved 1114112K
  class space    used 10623K, committed 11008K, reserved 1048576K
}
Event: 10.829 GC heap after
{Heap after GC invocations=23 (full 0):
 garbage-first heap   total 104448K, used 44185K [0x0000000081600000, 0x0000000100000000)
  region size 1024K, 5 young (5120K), 5 survivors (5120K)
 Metaspace       used 73990K, committed 74880K, reserved 1114112K
  class space    used 10623K, committed 11008K, reserved 1048576K
}
Event: 74.225 GC heap before
{Heap before GC invocations=23 (full 0):
 garbage-first heap   total 104448K, used 91289K [0x0000000081600000, 0x0000000100000000)
  region size 1024K, 52 young (53248K), 5 survivors (5120K)
 Metaspace       used 82725K, committed 83648K, reserved 1179648K
  class space    used 11533K, committed 11968K, reserved 1048576K
}
Event: 74.238 GC heap after
{Heap after GC invocations=24 (full 0):
 garbage-first heap   total 104448K, used 47018K [0x0000000081600000, 0x0000000100000000)
  region size 1024K, 5 young (5120K), 5 survivors (5120K)
 Metaspace       used 82725K, committed 83648K, reserved 1179648K
  class space    used 11533K, committed 11968K, reserved 1048576K
}
Event: 108.015 GC heap before
{Heap before GC invocations=24 (full 0):
 garbage-first heap   total 104448K, used 92074K [0x0000000081600000, 0x0000000100000000)
  region size 1024K, 50 young (51200K), 5 survivors (5120K)
 Metaspace       used 86843K, committed 87808K, reserved 1179648K
  class space    used 12067K, committed 12480K, reserved 1048576K
}
Event: 108.025 GC heap after
{Heap after GC invocations=25 (full 0):
 garbage-first heap   total 104448K, used 48698K [0x0000000081600000, 0x0000000100000000)
  region size 1024K, 5 young (5120K), 5 survivors (5120K)
 Metaspace       used 86843K, committed 87808K, reserved 1179648K
  class space    used 12067K, committed 12480K, reserved 1048576K
}
Event: 180.791 GC heap before
{Heap before GC invocations=25 (full 0):
 garbage-first heap   total 104448K, used 90682K [0x0000000081600000, 0x0000000100000000)
  region size 1024K, 47 young (48128K), 5 survivors (5120K)
 Metaspace       used 86914K, committed 87936K, reserved 1179648K
  class space    used 12073K, committed 12544K, reserved 1048576K
}
Event: 180.799 GC heap after
{Heap after GC invocations=26 (full 0):
 garbage-first heap   total 104448K, used 49368K [0x0000000081600000, 0x0000000100000000)
  region size 1024K, 3 young (3072K), 3 survivors (3072K)
 Metaspace       used 86914K, committed 87936K, reserved 1179648K
  class space    used 12073K, committed 12544K, reserved 1048576K
}

